Arguments: 
  C:\Program Files\nodejs\node.exe C:\Program Files\nodejs\node_modules\yarn\bin\yarn.js install

PATH: 
  C:\Python39\Scripts\;C:\Python39\;C:\Python38\Scripts\;C:\Python38\;C:\Python27\;C:\Python27\Scripts;C:\WINDOWS\system32;C:\WINDOWS;C:\WINDOWS\System32\Wbem;C:\WINDOWS\System32\WindowsPowerShell\v1.0\;C:\WINDOWS\System32\OpenSSH\;C:\Program Files\Git\cmd;C:\ProgramData\chocolatey\bin;C:\Program Files\OpenJDK\openjdk-8u262-b10\bin;C:\Program Files\PuTTY\;C:\Program Files\nodejs\;C:\Users\AA\AppData\Local\Microsoft\WindowsApps;C:\Users\AA\AppData\Local\Programs\Microsoft VS Code\bin;C:\Users\AA\AppData\Local\Android\Sdk\platform-tools;C:\Program Files\nodejs\node_modules;C:\Program Files\heroku\bin;C:\Program Files\MongoDB\Server\6.0\bin;C:\Users\AA\AppData\Roaming\npm

Yarn version: 
  1.22.11

Node version: 
  16.16.0

Platform: 
  win32 x64

Trace: 
  Error: https://registry.yarnpkg.com/@react-native-community/cli-platform-android/-/cli-platform-android-8.0.5.tgz: Request failed "500 Internal Server Error"
      at ResponseError.ExtendableBuiltin (C:\Program Files\nodejs\node_modules\yarn\lib\cli.js:696:66)
      at new ResponseError (C:\Program Files\nodejs\node_modules\yarn\lib\cli.js:802:124)
      at Request.<anonymous> (C:\Program Files\nodejs\node_modules\yarn\lib\cli.js:67062:16)
      at Request.emit (node:events:527:28)
      at Request.module.exports.Request.onRequestResponse (C:\Program Files\nodejs\node_modules\yarn\lib\cli.js:141640:10)
      at ClientRequest.emit (node:events:527:28)
      at HTTPParser.parserOnIncomingClient (node:_http_client:631:27)
      at HTTPParser.parserOnHeadersComplete (node:_http_common:128:17)
      at HTTPParser.execute (<anonymous>)
      at TLSSocket.socketOnData (node:_http_client:494:22)

npm manifest: 
  {
    "name": "moni-react-native-app",
    "version": "1.0.0",
    "main": "node_modules/expo/AppEntry.js",
    "scripts": {
      "start": "expo start",
      "android": "expo start --android",
      "ios": "expo start --ios",
      "web": "expo start --web"
    },
    "dependencies": {
      "expo": "~46.0.9",
      "expo-status-bar": "~1.4.0",
      "react": "18.0.0",
      "react-native": "0.69.5"
    },
    "devDependencies": {
      "@babel/core": "^7.12.9"
    },
    "private": true
  }

yarn manifest: 
  No manifest

Lockfile: 
  No lockfile
